*** Starting uWSGI 2.0.18 (64bit) on [Mon Apr 29 12:44:24 2019] ***
compiled with version: 7.3.0 on 28 April 2019 14:10:35
os: Linux-4.15.0-1035-aws #37-Ubuntu SMP Mon Mar 18 16:15:14 UTC 2019
nodename: ip-172-31-32-139
machine: x86_64
clock source: unix
pcre jit disabled
detected number of CPU cores: 1
current working directory: /home/ubuntu/hosted/AirPollPred
detected binary path: /home/ubuntu/.local/bin/uwsgi
your processes number limit is 3841
your memory page size is 4096 bytes
detected max file descriptor number: 1024
lock engine: pthread robust mutexes
thunder lock: disabled (you can enable it with --thunder-lock)
uwsgi socket 0 bound to TCP address 0.0.0.0:5000 fd 3
uwsgi socket 1 bound to UNIX address ap.sock fd 4
Python version: 3.6.7 (default, Oct 22 2018, 11:32:17)  [GCC 8.2.0]
*** Python threads support is disabled. You can enable it with --enable-threads ***
Python main interpreter initialized at 0x561a5cd73de0
your server socket listen backlog is limited to 100 connections
your mercy for graceful operations on workers is 60 seconds
mapped 510440 bytes (498 KB) for 6 cores
*** Operational MODE: preforking ***
unable to load configuration from from multiprocessing.semaphore_tracker import main;main(17)
WSGI app 0 (mountpoint='') ready in 2 seconds on interpreter 0x561a5cd73de0 pid: 2476 (default app)
*** uWSGI is running in multiple interpreter mode ***
spawned uWSGI master process (pid: 2476)
spawned uWSGI worker 1 (pid: 2491, cores: 1)
spawned uWSGI worker 2 (pid: 2492, cores: 1)
spawned uWSGI worker 3 (pid: 2493, cores: 1)
spawned uWSGI worker 4 (pid: 2494, cores: 1)
spawned uWSGI worker 5 (pid: 2495, cores: 1)
spawned uWSGI worker 6 (pid: 2496, cores: 1)
subprocess 2484 exited with code 1
[pid: 2496|app: 0|req: 1/1] 127.0.0.1 () {34 vars in 916 bytes} [Mon Apr 29 12:45:16 2019] GET / => generated 2403 bytes in 10 msecs (HTTP/1.1 200) 2 headers in 81 bytes (1 switches on core 0)
[pid: 2496|app: 0|req: 2/2] 127.0.0.1 () {36 vars in 947 bytes} [Mon Apr 29 12:45:33 2019] GET / => generated 2403 bytes in 0 msecs (HTTP/1.1 200) 2 headers in 81 bytes (1 switches on core 0)
SIGINT/SIGQUIT received...killing workers...
worker 1 buried after 2 seconds
worker 2 buried after 2 seconds
worker 3 buried after 2 seconds
worker 4 buried after 2 seconds
worker 5 buried after 2 seconds
worker 6 buried after 2 seconds
goodbye to uWSGI.
VACUUM: unix socket ap.sock removed.
